2026-07-03 14:57:58,484 | INFO     | pdf2excel | [Nota de Crédito] Procesando: 800001168 - copia.pdf
2026-07-03 14:57:58,567 | INFO     | pdf2excel | [Nota de Crédito] Procesando: 800001205.pdf
2026-07-03 14:57:58,626 | INFO     | pdf2excel | [Nota de Crédito] Procesando: 800001206.pdf
2026-07-03 14:57:58,679 | INFO     | pdf2excel | [Nota de Crédito] Procesando: 800001207.pdf
2026-07-03 14:57:58,766 | INFO     | pdf2excel | Lote completado — exitosos=4 omitidos=0 fallidos=0
2026-07-03 14:58:49,206 | INFO     | pdf2excel | [Nota de Crédito] Procesando: 800001205.pdf
2026-07-03 14:58:49,263 | INFO     | pdf2excel | [Nota de Crédito] Procesando: 800001206 - copia.pdf
2026-07-03 14:58:49,313 | INFO     | pdf2excel | [Nota de Crédito] Procesando: 800001206.pdf
2026-07-03 14:58:49,365 | INFO     | pdf2excel | [Nota de Crédito] Procesando: 800001207 - copia.pdf
2026-07-03 14:59:06,060 | INFO     | pdf2excel | Sobreescribiendo duplicado del lote: 800001206.pdf
2026-07-03 14:59:06,083 | INFO     | pdf2excel | Lote completado — exitosos=3 omitidos=0 fallidos=0
2026-07-03 14:59:38,312 | INFO     | pdf2excel | [Nota de Crédito] Procesando: 800001168 - copia.pdf
2026-07-03 14:59:38,386 | INFO     | pdf2excel | [Nota de Crédito] Procesando: 800001205.pdf
2026-07-03 14:59:38,433 | INFO     | pdf2excel | [Nota de Crédito] Procesando: 800001206 - copia.pdf
2026-07-03 14:59:38,481 | INFO     | pdf2excel | [Nota de Crédito] Procesando: 800001206.pdf
2026-07-03 14:59:38,526 | INFO     | pdf2excel | [Nota de Crédito] Procesando: 800001207 - copia.pdf
2026-07-03 14:59:38,576 | INFO     | pdf2excel | [Nota de Crédito] Procesando: 800001207.pdf
2026-07-03 14:59:39,787 | INFO     | pdf2excel | Sobreescribiendo duplicado del lote: 800001206.pdf
2026-07-03 14:59:40,596 | INFO     | pdf2excel | Sobreescribiendo duplicado del lote: 800001207.pdf
2026-07-03 14:59:40,632 | INFO     | pdf2excel | Lote completado — exitosos=4 omitidos=0 fallidos=0
2026-07-03 15:06:46,214 | ERROR    | pdf2excel | Error inesperado en el motor de procesamiento
Traceback (most recent call last):
  File "C:\Users\giovy.polanco\Downloads\EGEHID_PDF_EXCEL2-main\processors\engine.py", line 63, in _run
    result = _process(
        type_id, pdf_paths, output_dir,
        on_progress, on_duplicate,
    )
  File "C:\Users\giovy.polanco\Downloads\EGEHID_PDF_EXCEL2-main\processors\engine.py", line 86, in _process
    processor = get_processor(type_id)
  File "C:\Users\giovy.polanco\Downloads\EGEHID_PDF_EXCEL2-main\processors\factory.py", line 32, in get_processor
    raise ValueError(
    ...<2 lines>...
    )
ValueError: El tipo «Tipo 4» todavía no está implementado. Selecciona Factura, Nota de Crédito o Nota de Débito.
2026-07-03 15:07:13,118 | INFO     | pdf2excel | [Nota de Débito] Procesando: 800001168 - copia.pdf
2026-07-03 15:07:13,175 | WARNING  | pdf2excel | Tipo no coincide en 800001168 - copia.pdf: detectado=nota_credito, seleccionado=nota_debito
2026-07-03 15:07:13,175 | INFO     | pdf2excel | [Nota de Débito] Procesando: 800001205.pdf
2026-07-03 15:07:13,226 | WARNING  | pdf2excel | Tipo no coincide en 800001205.pdf: detectado=nota_credito, seleccionado=nota_debito
2026-07-03 15:07:13,227 | INFO     | pdf2excel | [Nota de Débito] Procesando: 800001206 - copia.pdf
2026-07-03 15:07:13,272 | WARNING  | pdf2excel | Tipo no coincide en 800001206 - copia.pdf: detectado=nota_credito, seleccionado=nota_debito
2026-07-03 15:07:13,272 | INFO     | pdf2excel | [Nota de Débito] Procesando: 800001206.pdf
2026-07-03 15:07:13,320 | WARNING  | pdf2excel | Tipo no coincide en 800001206.pdf: detectado=nota_credito, seleccionado=nota_debito
2026-07-03 15:07:13,320 | INFO     | pdf2excel | [Nota de Débito] Procesando: 800001207 - copia.pdf
2026-07-03 15:07:13,365 | WARNING  | pdf2excel | Tipo no coincide en 800001207 - copia.pdf: detectado=nota_credito, seleccionado=nota_debito
2026-07-03 15:07:13,367 | INFO     | pdf2excel | [Nota de Débito] Procesando: 800001207.pdf
2026-07-03 15:07:13,414 | WARNING  | pdf2excel | Tipo no coincide en 800001207.pdf: detectado=nota_credito, seleccionado=nota_debito
2026-07-03 15:07:15,920 | INFO     | pdf2excel | Sobreescribiendo duplicado del lote: 800001206.pdf
2026-07-03 15:07:17,795 | INFO     | pdf2excel | Sobreescribiendo duplicado del lote: 800001207.pdf
2026-07-03 15:07:17,824 | INFO     | pdf2excel | Lote completado — exitosos=4 omitidos=0 fallidos=0
2026-07-03 15:08:02,377 | INFO     | pdf2excel | [Nota de Débito] Procesando: 800001205.pdf
2026-07-03 15:08:02,431 | WARNING  | pdf2excel | Tipo no coincide en 800001205.pdf: detectado=nota_credito, seleccionado=nota_debito
2026-07-03 15:08:02,432 | INFO     | pdf2excel | [Nota de Débito] Procesando: 800001206 - copia.pdf
2026-07-03 15:08:02,484 | WARNING  | pdf2excel | Tipo no coincide en 800001206 - copia.pdf: detectado=nota_credito, seleccionado=nota_debito
2026-07-03 15:08:02,509 | INFO     | pdf2excel | Lote completado — exitosos=2 omitidos=0 fallidos=0
2026-07-03 15:08:54,173 | INFO     | pdf2excel | [Factura] Procesando: 600004597.pdf
2026-07-03 15:08:54,256 | INFO     | pdf2excel | [Factura] Procesando: 600004598.pdf
2026-07-03 15:08:54,337 | INFO     | pdf2excel | Lote completado — exitosos=2 omitidos=0 fallidos=0
2026-07-03 15:11:50,941 | INFO     | pdf2excel | [Factura] Procesando: 600004597.pdf
2026-07-03 15:11:51,033 | INFO     | pdf2excel | [Factura] Procesando: 600004598.pdf
2026-07-03 15:11:51,110 | INFO     | pdf2excel | Lote completado — exitosos=2 omitidos=0 fallidos=0
